<?xml version="1.0" encoding="UTF-8"?>
<!-- Generated by org.testng.reporters.JUnitReportReporter -->
<testsuite hostname="LAPTOP-EQOIFU5J" failures="0" tests="1" name="Testing.Login_using_incorrect_credentials" time="5.843" errors="0" timestamp="2025-02-05T11:01:18 IST" skipped="0">
  <testcase classname="Testing.Login_using_incorrect_credentials" name="testValidLogin" time="5.843"/>
  <system-out/>
</testsuite> <!-- Testing.Login_using_incorrect_credentials -->
