<?xml version="1.0" encoding="UTF-8"?>
<!-- Generated by org.testng.reporters.JUnitReportReporter -->
<testsuite hostname="LAPTOP-EQOIFU5J" failures="0" tests="1" name="Testing.Login" time="6.153" errors="0" timestamp="2025-02-05T11:01:18 IST" skipped="0">
  <testcase classname="Testing.Login" name="testValidLogin" time="6.153"/>
  <system-out/>
</testsuite> <!-- Testing.Login -->
